1604847833085	geckodriver	INFO	Listening on 127.0.0.1:50660
1604847836164	mozrunner::runner	INFO	Running command: "C:\\Program Files\\Mozilla Firefox\\firefox.exe" "--marionette" "-foreground" "-no-remote" "-profile" "C:\\Users\\ema29\\AppData\\Local\\Temp\\rust_mozprofilespssys"
Can't find symbol 'eglSwapBuffersWithDamageEXT'.
JavaScript error: resource://gre/modules/XULStore.jsm, line 66: Error: Can't find profile directory.
console.warn: SearchSettings: "get: No settings file exists, new profile?" (new Error("", "(unknown module)"))
1604847848906	Marionette	INFO	Listening on port 50670
[Parent 608, Gecko_IOThread] WARNING: file /builds/worker/checkouts/gecko/ipc/chromium/src/base/process_util_win.cc, line 166
1604847849525	Marionette	WARN	TLS certificate errors will be ignored for this session
JavaScript warning: https://js.datadome.co/tags.js, line 2: unreachable code after return statement
JavaScript warning: https://js.datadome.co/tags.js, line 2: unreachable code after return statement
JavaScript warning: https://js.datadome.co/tags.js, line 2: unreachable code after return statement
Can't find symbol 'eglSwapBuffersWithDamageEXT'.
JavaScript warning: https://js.datadome.co/tags.js, line 2: unreachable code after return statement
JavaScript warning: https://js.datadome.co/tags.js, line 2: unreachable code after return statement
1604847877513	Marionette	INFO	Stopped listening on port 50670

###!!! [Child][RunMessage] Error: Channel closing: too late to send/recv, messages will be lost


###!!! [Child][MessageChannel::SendAndWait] Error: Channel error: cannot send/recv

1604848155611	geckodriver	INFO	Listening on 127.0.0.1:51147
1604848158694	mozrunner::runner	INFO	Running command: "C:\\Program Files\\Mozilla Firefox\\firefox.exe" "--marionette" "-foreground" "-no-remote" "-profile" "C:\\Users\\ema29\\AppData\\Local\\Temp\\rust_mozprofileKz4Gs1"
Can't find symbol 'eglSwapBuffersWithDamageEXT'.
JavaScript error: resource://gre/modules/XULStore.jsm, line 66: Error: Can't find profile directory.
console.warn: SearchSettings: "get: No settings file exists, new profile?" (new Error("", "(unknown module)"))
1604848162340	Marionette	INFO	Listening on port 51159
1604848162390	Marionette	WARN	TLS certificate errors will be ignored for this session
JavaScript warning: https://js.datadome.co/tags.js, line 2: unreachable code after return statement
JavaScript warning: https://js.datadome.co/tags.js, line 2: unreachable code after return statement
JavaScript warning: https://js.datadome.co/tags.js, line 2: unreachable code after return statement
Can't find symbol 'eglSwapBuffersWithDamageEXT'.
JavaScript warning: https://js.datadome.co/tags.js, line 2: unreachable code after return statement
JavaScript warning: https://js.datadome.co/tags.js, line 2: unreachable code after return statement
JavaScript warning: https://js.datadome.co/tags.js, line 2: unreachable code after return statement
JavaScript warning: https://js.datadome.co/tags.js, line 2: unreachable code after return statement
JavaScript warning: https://js.datadome.co/tags.js, line 2: unreachable code after return statement
1604848220793	Marionette	INFO	Stopped listening on port 51159

###!!! [Child][RunMessage] Error: Channel closing: too late to send/recv, messages will be lost


###!!! [Child][MessageChannel::SendAndWait] Error: Channel error: cannot send/recv

1604848238870	geckodriver	INFO	Listening on 127.0.0.1:51464
1604848241958	mozrunner::runner	INFO	Running command: "C:\\Program Files\\Mozilla Firefox\\firefox.exe" "--marionette" "-foreground" "-no-remote" "-profile" "C:\\Users\\ema29\\AppData\\Local\\Temp\\rust_mozprofileDqgpbg"
Can't find symbol 'eglSwapBuffersWithDamageEXT'.
JavaScript error: resource://gre/modules/XULStore.jsm, line 66: Error: Can't find profile directory.
console.warn: SearchSettings: "get: No settings file exists, new profile?" (new Error("", "(unknown module)"))
1604848245209	Marionette	INFO	Listening on port 51474
1604848245641	Marionette	WARN	TLS certificate errors will be ignored for this session
JavaScript warning: https://js.datadome.co/tags.js, line 2: unreachable code after return statement
JavaScript warning: https://js.datadome.co/tags.js, line 2: unreachable code after return statement
JavaScript warning: https://js.datadome.co/tags.js, line 2: unreachable code after return statement
Can't find symbol 'eglSwapBuffersWithDamageEXT'.
JavaScript warning: https://js.datadome.co/tags.js, line 2: unreachable code after return statement
JavaScript warning: https://js.datadome.co/tags.js, line 2: unreachable code after return statement
console.warn: "Error while detaching the worker target:" (new Error("Connection closed, pending request to server0.conn0.workerTarget1012, type detach failed\n\nRequest stack:\nrequest@resource://devtools/shared/protocol/Front.js:274:14\ngenerateRequestMethods/</frontProto[name]@resource://devtools/shared/protocol/Front/FrontClassWithSpec.js:46:19\ndetach@resource://devtools/client/fronts/targets/worker.js:107:30\n_destroyTarget@resource://devtools/client/fronts/targets/target-mixin.js:684:22\ndestroy@resource://devtools/client/fronts/targets/target-mixin.js:629:12\n_emit@resource://devtools/shared/event-emitter.js:226:34\nemit@resource://devtools/shared/event-emitter.js:172:18\nemit@resource://devtools/shared/event-emitter.js:324:18\nonClosed@resource://devtools/client/devtools-client.js:606:10\nclose@resource://devtools/shared/transport/local-transport.js:169:20\nclose@resource://devtools/shared/transport/local-transport.js:165:13\nclose@resource://devtools/shared/transport/local-transport.js:165:13\ncleanup@resource://devtools/client/devtools-client.js:123:27\nclose/promise<@resource://devtools/client/devtools-client.js:139:7\nclose@resource://devtools/client/devtools-client.js:116:21\n_destroyTarget@resource://devtools/client/fronts/targets/target-mixin.js:669:30\n", "resource://devtools/shared/protocol/Front.js", 98))
console.warn: "Error while detaching the worker target:" (new Error("Connection closed, pending request to server0.conn0.workerTarget1013, type detach failed\n\nRequest stack:\nrequest@resource://devtools/shared/protocol/Front.js:274:14\ngenerateRequestMethods/</frontProto[name]@resource://devtools/shared/protocol/Front/FrontClassWithSpec.js:46:19\ndetach@resource://devtools/client/fronts/targets/worker.js:107:30\n_destroyTarget@resource://devtools/client/fronts/targets/target-mixin.js:684:22\ndestroy@resource://devtools/client/fronts/targets/target-mixin.js:629:12\n_emit@resource://devtools/shared/event-emitter.js:226:34\nemit@resource://devtools/shared/event-emitter.js:172:18\nemit@resource://devtools/shared/event-emitter.js:324:18\nonClosed@resource://devtools/client/devtools-client.js:606:10\nclose@resource://devtools/shared/transport/local-transport.js:169:20\nclose@resource://devtools/shared/transport/local-transport.js:165:13\nclose@resource://devtools/shared/transport/local-transport.js:165:13\ncleanup@resource://devtools/client/devtools-client.js:123:27\nclose/promise<@resource://devtools/client/devtools-client.js:139:7\nclose@resource://devtools/client/devtools-client.js:116:21\n_destroyTarget@resource://devtools/client/fronts/targets/target-mixin.js:669:30\n", "resource://devtools/shared/protocol/Front.js", 98))
console.warn: "Error while detaching the worker target:" (new Error("Connection closed, pending request to server0.conn0.workerTarget1014, type detach failed\n\nRequest stack:\nrequest@resource://devtools/shared/protocol/Front.js:274:14\ngenerateRequestMethods/</frontProto[name]@resource://devtools/shared/protocol/Front/FrontClassWithSpec.js:46:19\ndetach@resource://devtools/client/fronts/targets/worker.js:107:30\n_destroyTarget@resource://devtools/client/fronts/targets/target-mixin.js:684:22\ndestroy@resource://devtools/client/fronts/targets/target-mixin.js:629:12\n_emit@resource://devtools/shared/event-emitter.js:226:34\nemit@resource://devtools/shared/event-emitter.js:172:18\nemit@resource://devtools/shared/event-emitter.js:324:18\nonClosed@resource://devtools/client/devtools-client.js:606:10\nclose@resource://devtools/shared/transport/local-transport.js:169:20\nclose@resource://devtools/shared/transport/local-transport.js:165:13\nclose@resource://devtools/shared/transport/local-transport.js:165:13\ncleanup@resource://devtools/client/devtools-client.js:123:27\nclose/promise<@resource://devtools/client/devtools-client.js:139:7\nclose@resource://devtools/client/devtools-client.js:116:21\n_destroyTarget@resource://devtools/client/fronts/targets/target-mixin.js:669:30\n", "resource://devtools/shared/protocol/Front.js", 98))
console.warn: "Error while detaching the worker target:" (new Error("Connection closed, pending request to server0.conn0.workerTarget1015, type detach failed\n\nRequest stack:\nrequest@resource://devtools/shared/protocol/Front.js:274:14\ngenerateRequestMethods/</frontProto[name]@resource://devtools/shared/protocol/Front/FrontClassWithSpec.js:46:19\ndetach@resource://devtools/client/fronts/targets/worker.js:107:30\n_destroyTarget@resource://devtools/client/fronts/targets/target-mixin.js:684:22\ndestroy@resource://devtools/client/fronts/targets/target-mixin.js:629:12\n_emit@resource://devtools/shared/event-emitter.js:226:34\nemit@resource://devtools/shared/event-emitter.js:172:18\nemit@resource://devtools/shared/event-emitter.js:324:18\nonClosed@resource://devtools/client/devtools-client.js:606:10\nclose@resource://devtools/shared/transport/local-transport.js:169:20\nclose@resource://devtools/shared/transport/local-transport.js:165:13\nclose@resource://devtools/shared/transport/local-transport.js:165:13\ncleanup@resource://devtools/client/devtools-client.js:123:27\nclose/promise<@resource://devtools/client/devtools-client.js:139:7\nclose@resource://devtools/client/devtools-client.js:116:21\n_destroyTarget@resource://devtools/client/fronts/targets/target-mixin.js:669:30\n", "resource://devtools/shared/protocol/Front.js", 98))
console.warn: "Error while detaching the worker target:" (new Error("Connection closed, pending request to server0.conn0.workerTarget1016, type detach failed\n\nRequest stack:\nrequest@resource://devtools/shared/protocol/Front.js:274:14\ngenerateRequestMethods/</frontProto[name]@resource://devtools/shared/protocol/Front/FrontClassWithSpec.js:46:19\ndetach@resource://devtools/client/fronts/targets/worker.js:107:30\n_destroyTarget@resource://devtools/client/fronts/targets/target-mixin.js:684:22\ndestroy@resource://devtools/client/fronts/targets/target-mixin.js:629:12\n_emit@resource://devtools/shared/event-emitter.js:226:34\nemit@resource://devtools/shared/event-emitter.js:172:18\nemit@resource://devtools/shared/event-emitter.js:324:18\nonClosed@resource://devtools/client/devtools-client.js:606:10\nclose@resource://devtools/shared/transport/local-transport.js:169:20\nclose@resource://devtools/shared/transport/local-transport.js:165:13\nclose@resource://devtools/shared/transport/local-transport.js:165:13\ncleanup@resource://devtools/client/devtools-client.js:123:27\nclose/promise<@resource://devtools/client/devtools-client.js:139:7\nclose@resource://devtools/client/devtools-client.js:116:21\n_destroyTarget@resource://devtools/client/fronts/targets/target-mixin.js:669:30\n", "resource://devtools/shared/protocol/Front.js", 98))
console.warn: "Error while detaching the worker target:" (new Error("Connection closed, pending request to server0.conn0.workerTarget1017, type detach failed\n\nRequest stack:\nrequest@resource://devtools/shared/protocol/Front.js:274:14\ngenerateRequestMethods/</frontProto[name]@resource://devtools/shared/protocol/Front/FrontClassWithSpec.js:46:19\ndetach@resource://devtools/client/fronts/targets/worker.js:107:30\n_destroyTarget@resource://devtools/client/fronts/targets/target-mixin.js:684:22\ndestroy@resource://devtools/client/fronts/targets/target-mixin.js:629:12\n_emit@resource://devtools/shared/event-emitter.js:226:34\nemit@resource://devtools/shared/event-emitter.js:172:18\nemit@resource://devtools/shared/event-emitter.js:324:18\nonClosed@resource://devtools/client/devtools-client.js:606:10\nclose@resource://devtools/shared/transport/local-transport.js:169:20\nclose@resource://devtools/shared/transport/local-transport.js:165:13\nclose@resource://devtools/shared/transport/local-transport.js:165:13\ncleanup@resource://devtools/client/devtools-client.js:123:27\nclose/promise<@resource://devtools/client/devtools-client.js:139:7\nclose@resource://devtools/client/devtools-client.js:116:21\n_destroyTarget@resource://devtools/client/fronts/targets/target-mixin.js:669:30\n", "resource://devtools/shared/protocol/Front.js", 98))
JavaScript warning: https://js.datadome.co/tags.js, line 2: unreachable code after return statement
JavaScript warning: https://js.datadome.co/tags.js, line 2: unreachable code after return statement
JavaScript warning: https://js.datadome.co/tags.js, line 2: unreachable code after return statement
JavaScript warning: https://js.datadome.co/tags.js, line 2: unreachable code after return statement
JavaScript warning: https://js.datadome.co/tags.js, line 2: unreachable code after return statement
console.error: "Error while calling actor 'layout's method 'getGrids'" "node is null"
console.error: "getGrids@resource://devtools/server/actors/layout.js:502:26\ngetGrids@resource://devtools/server/actors/layout.js:507:43\nhandler@resource://devtools/shared/protocol/Actor.js:172:37\nonPacket@resource://devtools/server/devtools-server-connection.js:379:58\nreceiveMessage@resource://devtools/shared/transport/child-transport.js:66:16\n"
JavaScript warning: https://js.datadome.co/tags.js, line 2: unreachable code after return statement
JavaScript warning: https://js.datadome.co/tags.js, line 2: unreachable code after return statement
JavaScript warning: https://js.datadome.co/tags.js, line 2: unreachable code after return statement
JavaScript warning: https://js.datadome.co/tags.js, line 2: unreachable code after return statement
JavaScript error: https://www.kabum.com.br/cgi-local/site/produtos/descricao_ofertas.cgi?codigo=108910, line 252: ReferenceError: idIntervalSetHeight is not defined
JavaScript warning: https://js.datadome.co/tags.js, line 2: unreachable code after return statement
Can't find symbol 'eglSwapBuffersWithDamageEXT'.
JavaScript warning: https://js.datadome.co/tags.js, line 2: unreachable code after return statement
console.warn: "Error while detaching the worker target:" (new Error("Connection closed, pending request to server0.conn1.workerTarget5, type detach failed\n\nRequest stack:\nrequest@resource://devtools/shared/protocol/Front.js:274:14\ngenerateRequestMethods/</frontProto[name]@resource://devtools/shared/protocol/Front/FrontClassWithSpec.js:46:19\ndetach@resource://devtools/client/fronts/targets/worker.js:107:30\n_destroyTarget@resource://devtools/client/fronts/targets/target-mixin.js:684:22\ndestroy@resource://devtools/client/fronts/targets/target-mixin.js:629:12\n_emit@resource://devtools/shared/event-emitter.js:226:34\nemit@resource://devtools/shared/event-emitter.js:172:18\nemit@resource://devtools/shared/event-emitter.js:324:18\nonClosed@resource://devtools/client/devtools-client.js:606:10\nclose@resource://devtools/shared/transport/local-transport.js:169:20\nclose@resource://devtools/shared/transport/local-transport.js:165:13\nclose@resource://devtools/shared/transport/local-transport.js:165:13\ncleanup@resource://devtools/client/devtools-client.js:123:27\nclose/promise<@resource://devtools/client/devtools-client.js:139:7\nclose@resource://devtools/client/devtools-client.js:116:21\n_destroyTarget@resource://devtools/client/fronts/targets/target-mixin.js:669:30\n", "resource://devtools/shared/protocol/Front.js", 98))
console.warn: "Error while detaching the worker target:" (new Error("Connection closed, pending request to server0.conn1.workerTarget6, type detach failed\n\nRequest stack:\nrequest@resource://devtools/shared/protocol/Front.js:274:14\ngenerateRequestMethods/</frontProto[name]@resource://devtools/shared/protocol/Front/FrontClassWithSpec.js:46:19\ndetach@resource://devtools/client/fronts/targets/worker.js:107:30\n_destroyTarget@resource://devtools/client/fronts/targets/target-mixin.js:684:22\ndestroy@resource://devtools/client/fronts/targets/target-mixin.js:629:12\n_emit@resource://devtools/shared/event-emitter.js:226:34\nemit@resource://devtools/shared/event-emitter.js:172:18\nemit@resource://devtools/shared/event-emitter.js:324:18\nonClosed@resource://devtools/client/devtools-client.js:606:10\nclose@resource://devtools/shared/transport/local-transport.js:169:20\nclose@resource://devtools/shared/transport/local-transport.js:165:13\nclose@resource://devtools/shared/transport/local-transport.js:165:13\ncleanup@resource://devtools/client/devtools-client.js:123:27\nclose/promise<@resource://devtools/client/devtools-client.js:139:7\nclose@resource://devtools/client/devtools-client.js:116:21\n_destroyTarget@resource://devtools/client/fronts/targets/target-mixin.js:669:30\n", "resource://devtools/shared/protocol/Front.js", 98))
console.warn: "Error while detaching the worker target:" (new Error("Connection closed, pending request to server0.conn1.workerTarget7, type detach failed\n\nRequest stack:\nrequest@resource://devtools/shared/protocol/Front.js:274:14\ngenerateRequestMethods/</frontProto[name]@resource://devtools/shared/protocol/Front/FrontClassWithSpec.js:46:19\ndetach@resource://devtools/client/fronts/targets/worker.js:107:30\n_destroyTarget@resource://devtools/client/fronts/targets/target-mixin.js:684:22\ndestroy@resource://devtools/client/fronts/targets/target-mixin.js:629:12\n_emit@resource://devtools/shared/event-emitter.js:226:34\nemit@resource://devtools/shared/event-emitter.js:172:18\nemit@resource://devtools/shared/event-emitter.js:324:18\nonClosed@resource://devtools/client/devtools-client.js:606:10\nclose@resource://devtools/shared/transport/local-transport.js:169:20\nclose@resource://devtools/shared/transport/local-transport.js:165:13\nclose@resource://devtools/shared/transport/local-transport.js:165:13\ncleanup@resource://devtools/client/devtools-client.js:123:27\nclose/promise<@resource://devtools/client/devtools-client.js:139:7\nclose@resource://devtools/client/devtools-client.js:116:21\n_destroyTarget@resource://devtools/client/fronts/targets/target-mixin.js:669:30\n", "resource://devtools/shared/protocol/Front.js", 98))
console.warn: "Error while detaching the worker target:" (new Error("Connection closed, pending request to server0.conn1.workerTarget88, type detach failed\n\nRequest stack:\nrequest@resource://devtools/shared/protocol/Front.js:274:14\ngenerateRequestMethods/</frontProto[name]@resource://devtools/shared/protocol/Front/FrontClassWithSpec.js:46:19\ndetach@resource://devtools/client/fronts/targets/worker.js:107:30\n_destroyTarget@resource://devtools/client/fronts/targets/target-mixin.js:684:22\ndestroy@resource://devtools/client/fronts/targets/target-mixin.js:629:12\n_emit@resource://devtools/shared/event-emitter.js:226:34\nemit@resource://devtools/shared/event-emitter.js:172:18\nemit@resource://devtools/shared/event-emitter.js:324:18\nonClosed@resource://devtools/client/devtools-client.js:606:10\nclose@resource://devtools/shared/transport/local-transport.js:169:20\nclose@resource://devtools/shared/transport/local-transport.js:165:13\nclose@resource://devtools/shared/transport/local-transport.js:165:13\ncleanup@resource://devtools/client/devtools-client.js:123:27\nclose/promise<@resource://devtools/client/devtools-client.js:139:7\nclose@resource://devtools/client/devtools-client.js:116:21\n_destroyTarget@resource://devtools/client/fronts/targets/target-mixin.js:669:30\n", "resource://devtools/shared/protocol/Front.js", 98))
1604848661505	Marionette	INFO	Stopped listening on port 51474

###!!! [Child][RunMessage] Error: Channel closing: too late to send/recv, messages will be lost


###!!! [Child][MessageChannel::SendAndWait] Error: Channel error: cannot send/recv

1604848722708	geckodriver	INFO	Listening on 127.0.0.1:52256
1604848725791	mozrunner::runner	INFO	Running command: "C:\\Program Files\\Mozilla Firefox\\firefox.exe" "--marionette" "-headless" "-foreground" "-no-remote" "-profile" "C:\\Users\\ema29\\AppData\\Local\\Temp\\rust_mozprofileUenhCg"
*** You are running in headless mode.
JavaScript error: resource://gre/modules/XULStore.jsm, line 66: Error: Can't find profile directory.
console.warn: SearchSettings: "get: No settings file exists, new profile?" (new Error("", "(unknown module)"))
1604848728690	Marionette	INFO	Listening on port 52267
1604848728971	Marionette	WARN	TLS certificate errors will be ignored for this session
JavaScript warning: https://js.datadome.co/tags.js, line 2: unreachable code after return statement
JavaScript warning: https://js.datadome.co/tags.js, line 2: unreachable code after return statement
JavaScript warning: https://js.datadome.co/tags.js, line 2: WebGL warning: <Create>: Can't use WebGL in headless mode (https://bugzil.la/1375585).
JavaScript warning: https://js.datadome.co/tags.js, line 2: Failed to create WebGL context: WebGL creation failed: 
* Can't use WebGL in headless mode (https://bugzil.la/1375585).
JavaScript warning: https://js.datadome.co/tags.js, line 2: unreachable code after return statement
JavaScript warning: https://js.datadome.co/tags.js, line 2: unreachable code after return statement
JavaScript warning: https://js.datadome.co/tags.js, line 2: unreachable code after return statement
JavaScript warning: https://js.datadome.co/tags.js, line 2: WebGL warning: <Create>: Can't use WebGL in headless mode (https://bugzil.la/1375585).
JavaScript warning: https://js.datadome.co/tags.js, line 2: Failed to create WebGL context: WebGL creation failed: 
* Can't use WebGL in headless mode (https://bugzil.la/1375585).
1604848751732	Marionette	INFO	Stopped listening on port 52267
1604848798315	geckodriver	INFO	Listening on 127.0.0.1:52462
1604848801400	mozrunner::runner	INFO	Running command: "C:\\Program Files\\Mozilla Firefox\\firefox.exe" "--marionette" "-headless" "-foreground" "-no-remote" "-profile" "C:\\Users\\ema29\\AppData\\Local\\Temp\\rust_mozprofile4rmCdd"
*** You are running in headless mode.
JavaScript error: resource://gre/modules/XULStore.jsm, line 66: Error: Can't find profile directory.
console.warn: SearchSettings: "get: No settings file exists, new profile?" (new Error("", "(unknown module)"))
1604848803027	Marionette	INFO	Listening on port 52473
1604848803460	Marionette	WARN	TLS certificate errors will be ignored for this session
JavaScript warning: https://js.datadome.co/tags.js, line 2: unreachable code after return statement
JavaScript warning: https://js.datadome.co/tags.js, line 2: unreachable code after return statement
JavaScript warning: https://js.datadome.co/tags.js, line 2: unreachable code after return statement
JavaScript warning: https://js.datadome.co/tags.js, line 2: WebGL warning: <Create>: Can't use WebGL in headless mode (https://bugzil.la/1375585).
JavaScript warning: https://js.datadome.co/tags.js, line 2: Failed to create WebGL context: WebGL creation failed: 
* Can't use WebGL in headless mode (https://bugzil.la/1375585).
JavaScript warning: https://js.datadome.co/tags.js, line 2: unreachable code after return statement
JavaScript warning: https://js.datadome.co/tags.js, line 2: unreachable code after return statement
JavaScript warning: https://js.datadome.co/tags.js, line 2: WebGL warning: <Create>: Can't use WebGL in headless mode (https://bugzil.la/1375585).
JavaScript warning: https://js.datadome.co/tags.js, line 2: Failed to create WebGL context: WebGL creation failed: 
* Can't use WebGL in headless mode (https://bugzil.la/1375585).
1604848828042	Marionette	INFO	Stopped listening on port 52473
1604850202213	geckodriver	INFO	Listening on 127.0.0.1:53913
1604850205288	mozrunner::runner	INFO	Running command: "C:\\Program Files\\Mozilla Firefox\\firefox.exe" "--marionette" "-headless" "-foreground" "-no-remote" "-profile" "C:\\Users\\ema29\\AppData\\Local\\Temp\\rust_mozprofileuFENEs"
*** You are running in headless mode.
JavaScript error: resource://gre/modules/XULStore.jsm, line 66: Error: Can't find profile directory.
console.warn: SearchSettings: "get: No settings file exists, new profile?" (new Error("", "(unknown module)"))
1604850207628	Marionette	INFO	Listening on port 53924
1604850207974	Marionette	WARN	TLS certificate errors will be ignored for this session
JavaScript warning: https://js.datadome.co/tags.js, line 2: unreachable code after return statement
JavaScript warning: https://js.datadome.co/tags.js, line 2: unreachable code after return statement
JavaScript warning: https://js.datadome.co/tags.js, line 2: WebGL warning: <Create>: Can't use WebGL in headless mode (https://bugzil.la/1375585).
JavaScript warning: https://js.datadome.co/tags.js, line 2: Failed to create WebGL context: WebGL creation failed: 
* Can't use WebGL in headless mode (https://bugzil.la/1375585).
JavaScript warning: https://js.datadome.co/tags.js, line 2: unreachable code after return statement
JavaScript warning: https://js.datadome.co/tags.js, line 2: unreachable code after return statement
JavaScript warning: https://js.datadome.co/tags.js, line 2: unreachable code after return statement
JavaScript warning: https://js.datadome.co/tags.js, line 2: WebGL warning: <Create>: Can't use WebGL in headless mode (https://bugzil.la/1375585).
JavaScript warning: https://js.datadome.co/tags.js, line 2: Failed to create WebGL context: WebGL creation failed: 
* Can't use WebGL in headless mode (https://bugzil.la/1375585).
1604850231189	Marionette	INFO	Stopped listening on port 53924
1604850768406	geckodriver	INFO	Listening on 127.0.0.1:54609
1604850772641	mozrunner::runner	INFO	Running command: "C:\\Program Files\\Mozilla Firefox\\firefox.exe" "--marionette" "-headless" "-foreground" "-no-remote" "-profile" "C:\\Users\\ema29\\AppData\\Local\\Temp\\rust_mozprofileswzaAH"
*** You are running in headless mode.
JavaScript error: resource://gre/modules/XULStore.jsm, line 66: Error: Can't find profile directory.
console.warn: SearchSettings: "get: No settings file exists, new profile?" (new Error("", "(unknown module)"))
1604850775027	Marionette	INFO	Listening on port 54620
1604850775409	Marionette	WARN	TLS certificate errors will be ignored for this session
JavaScript warning: https://js.datadome.co/tags.js, line 2: unreachable code after return statement
JavaScript warning: https://js.datadome.co/tags.js, line 2: unreachable code after return statement
JavaScript warning: https://js.datadome.co/tags.js, line 2: WebGL warning: <Create>: Can't use WebGL in headless mode (https://bugzil.la/1375585).
JavaScript warning: https://js.datadome.co/tags.js, line 2: Failed to create WebGL context: WebGL creation failed: 
* Can't use WebGL in headless mode (https://bugzil.la/1375585).
JavaScript warning: https://js.datadome.co/tags.js, line 2: unreachable code after return statement
JavaScript warning: https://js.datadome.co/tags.js, line 2: unreachable code after return statement
JavaScript warning: https://js.datadome.co/tags.js, line 2: unreachable code after return statement
JavaScript warning: https://js.datadome.co/tags.js, line 2: WebGL warning: <Create>: Can't use WebGL in headless mode (https://bugzil.la/1375585).
JavaScript warning: https://js.datadome.co/tags.js, line 2: Failed to create WebGL context: WebGL creation failed: 
* Can't use WebGL in headless mode (https://bugzil.la/1375585).
1604850802700	Marionette	INFO	Stopped listening on port 54620
